<?xml version="1.0" encoding="UTF-8"?>
<!-- Generated by org.testng.reporters.JUnitReportReporter -->
<testsuite skipped="0" hostname="Lenovo-PC" name="com.loginTest.LoginTest" tests="1" failures="0" timestamp="27 Jan 2020 19:14:36 GMT" time="47.609" errors="0">
  <testcase name="login" time="47.609" classname="com.loginTest.LoginTest"/>
</testsuite> <!-- com.loginTest.LoginTest -->
